G:\C++\PROJECTS\PS3EYE-LIBUSB0 - MAIN\PS3EYE-LIB\BUILD\WIN32 DEBUG\TEMP\PS3EYE.OBJ
G:\C++\PROJECTS\PS3EYE-LIBUSB0 - MAIN\PS3EYE-LIB\BUILD\WIN32 DEBUG\TEMP\PS3EYE_CAPI.OBJ
G:\C++\PROJECTS\PS3EYE-LIBUSB0 - MAIN\PS3EYE-LIB\BUILD\WIN32 DEBUG\TEMP\VC110.PDB
G:\C++\PROJECTS\PS3EYE-LIBUSB0 - MAIN\PS3EYE-LIB\BUILD\WIN32 DEBUG\PS3EYE-LIB-DLL.ILK
G:\C++\PROJECTS\PS3EYE-LIBUSB0 - MAIN\PS3EYE-LIB\BUILD\WIN32 DEBUG\PS3EYE-LIB-DLL.DLL
G:\C++\PROJECTS\PS3EYE-LIBUSB0 - MAIN\PS3EYE-LIB\BUILD\WIN32 DEBUG\PS3EYE-LIB-DLL.PDB
G:\C++\projects\ps3eye-libusb0 - main\ps3eye-lib\build\Win32 Debug\ps3eye-lib-dll.lib
G:\C++\projects\ps3eye-libusb0 - main\ps3eye-lib\build\Win32 Debug\ps3eye-lib-dll.exp
G:\C++\projects\ps3eye-libusb0 - main\ps3eye-lib\build\Win32 Debug\temp\ps3eye.obj
G:\C++\projects\ps3eye-libusb0 - main\ps3eye-lib\build\Win32 Debug\temp\ps3eye_capi.obj
G:\C++\projects\ps3eye-libusb0 - main\ps3eye-lib\build\Win32 Debug\temp\cl.command.1.tlog
G:\C++\projects\ps3eye-libusb0 - main\ps3eye-lib\build\Win32 Debug\temp\CL.read.1.tlog
G:\C++\projects\ps3eye-libusb0 - main\ps3eye-lib\build\Win32 Debug\temp\CL.write.1.tlog
G:\C++\projects\ps3eye-libusb0 - main\ps3eye-lib\build\Win32 Debug\temp\link-cvtres.read.1.tlog
G:\C++\projects\ps3eye-libusb0 - main\ps3eye-lib\build\Win32 Debug\temp\link-cvtres.write.1.tlog
G:\C++\projects\ps3eye-libusb0 - main\ps3eye-lib\build\Win32 Debug\temp\link-rc.read.1.tlog
G:\C++\projects\ps3eye-libusb0 - main\ps3eye-lib\build\Win32 Debug\temp\link-rc.write.1.tlog
G:\C++\projects\ps3eye-libusb0 - main\ps3eye-lib\build\Win32 Debug\temp\link.command.1.tlog
G:\C++\projects\ps3eye-libusb0 - main\ps3eye-lib\build\Win32 Debug\temp\link.read.1.tlog
G:\C++\projects\ps3eye-libusb0 - main\ps3eye-lib\build\Win32 Debug\temp\link.write.1.tlog
G:\C++\projects\ps3eye-libusb0 - main\ps3eye-lib\build\Win32 Debug\temp\ps3eye-lib-dll.write.1.tlog
G:\C++\projects\ps3eye-libusb0 - main\ps3eye-lib\build\Win32 Debug\temp\vc110.idb
G:\C++\projects\ps3eye-libusb0 - main\ps3eye-lib\build\Win32 Debug\temp\vc110.pdb
G:\C++\projects\ps3eye-libusb0 - main\ps3eye-lib\build\Win32 Debug\ps3eye-lib-dll.pdb
G:\C++\projects\ps3eye-libusb0 - main\ps3eye-lib\build\Win32 Debug\ps3eye-lib-dll.dll
G:\C++\projects\ps3eye-libusb0 - main\ps3eye-lib\build\Win32 Debug\ps3eye-lib-dll.ilk
