G:\C++\PROJECTS\PS3EYE-LIBUSB0 - MAIN\PS3EYE-LIB\BUILD\X64 DEBUG\TEMP\PS3EYE.OBJ
G:\C++\PROJECTS\PS3EYE-LIBUSB0 - MAIN\PS3EYE-LIB\BUILD\X64 DEBUG\TEMP\PS3EYE_CAPI.OBJ
G:\C++\PROJECTS\PS3EYE-LIBUSB0 - MAIN\PS3EYE-LIB\BUILD\X64 DEBUG\TEMP\VC110.PDB
G:\C++\PROJECTS\PS3EYE-LIBUSB0 - MAIN\PS3EYE-LIB\BUILD\X64 DEBUG\PS3EYE-LIB.ILK
G:\C++\PROJECTS\PS3EYE-LIBUSB0 - MAIN\PS3EYE-LIB\BUILD\X64 DEBUG\PS3EYE-LIB.DLL
G:\C++\PROJECTS\PS3EYE-LIBUSB0 - MAIN\PS3EYE-LIB\BUILD\X64 DEBUG\PS3EYE-LIB.PDB
G:\C++\projects\ps3eye-libusb0 - main\ps3eye-lib\build\x64 Debug\ps3eye-lib.lib
G:\C++\projects\ps3eye-libusb0 - main\ps3eye-lib\build\x64 Debug\ps3eye-lib.exp
G:\C++\projects\ps3eye-libusb0 - main\ps3eye-lib\build\x64 Debug\temp\ps3eye.obj
G:\C++\projects\ps3eye-libusb0 - main\ps3eye-lib\build\x64 Debug\temp\ps3eye_capi.obj
G:\C++\projects\ps3eye-libusb0 - main\ps3eye-lib\build\x64 Debug\temp\cl.command.1.tlog
G:\C++\projects\ps3eye-libusb0 - main\ps3eye-lib\build\x64 Debug\temp\CL.read.1.tlog
G:\C++\projects\ps3eye-libusb0 - main\ps3eye-lib\build\x64 Debug\temp\CL.write.1.tlog
G:\C++\projects\ps3eye-libusb0 - main\ps3eye-lib\build\x64 Debug\temp\link-cvtres.read.1.tlog
G:\C++\projects\ps3eye-libusb0 - main\ps3eye-lib\build\x64 Debug\temp\link-cvtres.write.1.tlog
G:\C++\projects\ps3eye-libusb0 - main\ps3eye-lib\build\x64 Debug\temp\link-rc.read.1.tlog
G:\C++\projects\ps3eye-libusb0 - main\ps3eye-lib\build\x64 Debug\temp\link-rc.write.1.tlog
G:\C++\projects\ps3eye-libusb0 - main\ps3eye-lib\build\x64 Debug\temp\link.command.1.tlog
G:\C++\projects\ps3eye-libusb0 - main\ps3eye-lib\build\x64 Debug\temp\link.read.1.tlog
G:\C++\projects\ps3eye-libusb0 - main\ps3eye-lib\build\x64 Debug\temp\link.write.1.tlog
G:\C++\projects\ps3eye-libusb0 - main\ps3eye-lib\build\x64 Debug\temp\ps3eye-lib.write.1.tlog
G:\C++\projects\ps3eye-libusb0 - main\ps3eye-lib\build\x64 Debug\temp\vc110.idb
G:\C++\projects\ps3eye-libusb0 - main\ps3eye-lib\build\x64 Debug\temp\vc110.pdb
G:\C++\projects\ps3eye-libusb0 - main\ps3eye-lib\build\x64 Debug\ps3eye-lib.pdb
G:\C++\projects\ps3eye-libusb0 - main\ps3eye-lib\build\x64 Debug\ps3eye-lib.dll
G:\C++\projects\ps3eye-libusb0 - main\ps3eye-lib\build\x64 Debug\ps3eye-lib.ilk
