G:\C++\PROJECTS\PS3EYE-LIBUSB0 - MAIN\PS3EYE-LIB\BUILD\X64 RELEASE\TEMP\PS3EYE_CAPI.OBJ
G:\C++\PROJECTS\PS3EYE-LIBUSB0 - MAIN\PS3EYE-LIB\BUILD\X64 RELEASE\TEMP\PS3EYE.OBJ
G:\C++\PROJECTS\PS3EYE-LIBUSB0 - MAIN\PS3EYE-LIB\BUILD\X64 RELEASE\TEMP\VC110.PDB
G:\C++\PROJECTS\PS3EYE-LIBUSB0 - MAIN\PS3EYE-LIB\BUILD\X64 RELEASE\PS3EYE-LIB-DLL.DLL
G:\C++\PROJECTS\PS3EYE-LIBUSB0 - MAIN\PS3EYE-LIB\BUILD\X64 RELEASE\PS3EYE-LIB-DLL.PDB
G:\C++\projects\ps3eye-libusb0 - main\ps3eye-lib\build\x64 Release\ps3eye-lib-dll.lib
G:\C++\projects\ps3eye-libusb0 - main\ps3eye-lib\build\x64 Release\ps3eye-lib-dll.exp
G:\C++\projects\ps3eye-libusb0 - main\ps3eye-lib\build\x64 Release\temp\ps3eye.obj
G:\C++\projects\ps3eye-libusb0 - main\ps3eye-lib\build\x64 Release\temp\ps3eye_capi.obj
G:\C++\projects\ps3eye-libusb0 - main\ps3eye-lib\build\x64 Release\temp\cl.command.1.tlog
G:\C++\projects\ps3eye-libusb0 - main\ps3eye-lib\build\x64 Release\temp\CL.read.1.tlog
G:\C++\projects\ps3eye-libusb0 - main\ps3eye-lib\build\x64 Release\temp\CL.write.1.tlog
G:\C++\projects\ps3eye-libusb0 - main\ps3eye-lib\build\x64 Release\temp\link-cvtres.read.1.tlog
G:\C++\projects\ps3eye-libusb0 - main\ps3eye-lib\build\x64 Release\temp\link-cvtres.write.1.tlog
G:\C++\projects\ps3eye-libusb0 - main\ps3eye-lib\build\x64 Release\temp\link-rc.read.1.tlog
G:\C++\projects\ps3eye-libusb0 - main\ps3eye-lib\build\x64 Release\temp\link-rc.write.1.tlog
G:\C++\projects\ps3eye-libusb0 - main\ps3eye-lib\build\x64 Release\temp\link.command.1.tlog
G:\C++\projects\ps3eye-libusb0 - main\ps3eye-lib\build\x64 Release\temp\link.read.1.tlog
G:\C++\projects\ps3eye-libusb0 - main\ps3eye-lib\build\x64 Release\temp\link.write.1.tlog
G:\C++\projects\ps3eye-libusb0 - main\ps3eye-lib\build\x64 Release\temp\ps3eye-lib-dll.write.1.tlog
G:\C++\projects\ps3eye-libusb0 - main\ps3eye-lib\build\x64 Release\temp\vc110.pdb
G:\C++\projects\ps3eye-libusb0 - main\ps3eye-lib\build\x64 Release\ps3eye-lib-dll.pdb
G:\C++\projects\ps3eye-libusb0 - main\ps3eye-lib\build\x64 Release\ps3eye-lib-dll.dll
